c:\users\jsuarez\downloads\t3_josesuarez - copia\networkgames\taller3-servidor\x64\debug\vc140.pdb
c:\users\jsuarez\downloads\t3_josesuarez - copia\networkgames\taller3-servidor\x64\debug\vc140.idb
c:\users\jsuarez\downloads\t3_josesuarez - copia\networkgames\taller3-servidor\x64\debug\codigochat1solo.obj
c:\users\jsuarez\downloads\t3_josesuarez - copia\networkgames\taller3-servidor\x64\debug\server.obj
c:\users\jsuarez\downloads\t3_josesuarez - copia\networkgames\taller3-servidor\x64\debug\windowmanagement.obj
c:\users\jsuarez\downloads\n\t3_josesuarez - copia\networkgames\taller3-servidor\x64\debug\vc140.pdb
c:\users\jsuarez\downloads\n\t3_josesuarez - copia\networkgames\taller3-servidor\x64\debug\vc140.idb
c:\users\jsuarez\downloads\n\t3_josesuarez - copia\networkgames\taller3-servidor\x64\debug\codigochat1solo.obj
c:\users\jsuarez\downloads\n\t3_josesuarez - copia\networkgames\taller3-servidor\x64\debug\server.obj
c:\users\jsuarez\downloads\n\t3_josesuarez - copia\networkgames\taller3-servidor\x64\debug\windowmanagement.obj
c:\users\jsuarez\downloads\t3_josesuarez - copia\networkgames\x64\debug\taller3-servidor.ilk
c:\users\jsuarez\downloads\t3_josesuarez - copia\networkgames\x64\debug\taller3-servidor.exe
c:\users\jsuarez\downloads\t3_josesuarez - copia\networkgames\x64\debug\taller3-servidor.pdb
c:\users\jsuarez\downloads\n\t3_josesuarez - copia\networkgames\x64\debug\taller3-servidor.ilk
c:\users\jsuarez\downloads\n\t3_josesuarez - copia\networkgames\x64\debug\taller3-servidor.exe
c:\users\jsuarez\downloads\n\t3_josesuarez - copia\networkgames\x64\debug\taller3-servidor.pdb
d:\network\t3_josesuarez - copia\networkgames\taller3-servidor\x64\debug\codigochat1solo.obj
d:\network\t3_josesuarez - copia\networkgames\taller3-servidor\x64\debug\server.obj
d:\network\t3_josesuarez - copia\networkgames\taller3-servidor\x64\debug\windowmanagement.obj
d:\network\t3_josesuarez - copia\networkgames\taller3-servidor\x64\debug\vc140.idb
d:\network\t3_josesuarez - copia\networkgames\taller3-servidor\x64\debug\vc140.pdb
d:\network\t3_josesuarez - copia\networkgames\x64\debug\taller3-servidor.pdb
d:\network\t3_josesuarez - copia\networkgames\x64\debug\taller3-servidor.exe
d:\network\t3_josesuarez - copia\networkgames\x64\debug\taller3-servidor.ilk
d:\network\t3_josesuarez - copia\networkgames\taller3-servidor\x64\debug\taller3-servidor.tlog\cl.command.1.tlog
d:\network\t3_josesuarez - copia\networkgames\taller3-servidor\x64\debug\taller3-servidor.tlog\cl.read.1.tlog
d:\network\t3_josesuarez - copia\networkgames\taller3-servidor\x64\debug\taller3-servidor.tlog\cl.write.1.tlog
d:\network\t3_josesuarez - copia\networkgames\taller3-servidor\x64\debug\taller3-servidor.tlog\link.command.1.tlog
d:\network\t3_josesuarez - copia\networkgames\taller3-servidor\x64\debug\taller3-servidor.tlog\link.read.1.tlog
d:\network\t3_josesuarez - copia\networkgames\taller3-servidor\x64\debug\taller3-servidor.tlog\link.write.1.tlog
