C:\Program Files (x86)\MSBuild\Microsoft.Cpp\v4.0\V140\Microsoft.CppBuild.targets(392,5): warning MSB8028: The intermediate directory (x64\Debug\) contains files shared from another project (Project1.vcxproj, Taller2.vcxproj, Taller3-Cliente.vcxproj).  This can lead to incorrect clean and rebuild behavior.
  CodigoChat1solo.cpp
  Generating Code...
  Compiling...
  windowManagement.cpp
d:\network\networking_t4\t4_prueba\gameclient\windowmanagement.cpp(19): warning C4244: '=': conversion from 'float' to 'int', possible loss of data
d:\network\networking_t4\t4_prueba\gameclient\windowmanagement.cpp(20): warning C4244: '=': conversion from 'float' to 'int', possible loss of data
d:\network\networking_t4\t4_prueba\gameclient\windowmanagement.cpp(40): warning C4244: 'argument': conversion from 'int' to 'float', possible loss of data
d:\network\networking_t4\t4_prueba\gameclient\windowmanagement.cpp(56): warning C4244: 'argument': conversion from 'int' to 'float', possible loss of data
d:\network\networking_t4\t4_prueba\gameclient\windowmanagement.cpp(58): warning C4244: 'argument': conversion from 'int' to 'float', possible loss of data
d:\network\networking_t4\t4_prueba\gameclient\windowmanagement.cpp(60): warning C4244: 'argument': conversion from 'int' to 'float', possible loss of data
d:\network\networking_t4\t4_prueba\gameclient\windowmanagement.cpp(62): warning C4244: 'argument': conversion from 'int' to 'float', possible loss of data
d:\network\networking_t4\t4_prueba\gameclient\windowmanagement.cpp(64): warning C4244: 'argument': conversion from 'int' to 'float', possible loss of data
d:\network\networking_t4\t4_prueba\gameclient\windowmanagement.cpp(66): warning C4244: 'argument': conversion from 'int' to 'float', possible loss of data
d:\network\networking_t4\t4_prueba\gameclient\windowmanagement.cpp(68): warning C4244: 'argument': conversion from 'int' to 'float', possible loss of data
d:\network\networking_t4\t4_prueba\gameclient\windowmanagement.cpp(74): warning C4244: 'argument': conversion from 'int' to 'float', possible loss of data
  Server.cpp
d:\network\networking_t4\t4_prueba\gameclient\server.cpp(131): warning C4244: 'argument': conversion from 'float' to 'sf::Int32', possible loss of data
d:\network\networking_t4\t4_prueba\gameclient\server.cpp(177): warning C4244: 'argument': conversion from 'float' to 'sf::Int32', possible loss of data
  Generating Code...
  GameClient.vcxproj -> D:\Network\Networking_T4\T4_Prueba\x64\Debug\GameClient.exe
  GameClient.vcxproj -> D:\Network\Networking_T4\T4_Prueba\x64\Debug\GameClient.pdb (Full PDB)
