C:\Program Files (x86)\MSBuild\Microsoft.Cpp\v4.0\V140\Microsoft.CppBuild.targets(392,5): warning MSB8028: The intermediate directory (x64\Debug\) contains files shared from another project (Project1.vcxproj, Taller2.vcxproj).  This can lead to incorrect clean and rebuild behavior.
  windowManagement.cpp
d:\network\networking_t4\t4_josesuarez\networkgames\taller3-cliente\windowmanagement.cpp(19): warning C4244: '=': conversion from 'float' to 'int', possible loss of data
d:\network\networking_t4\t4_josesuarez\networkgames\taller3-cliente\windowmanagement.cpp(20): warning C4244: '=': conversion from 'float' to 'int', possible loss of data
d:\network\networking_t4\t4_josesuarez\networkgames\taller3-cliente\windowmanagement.cpp(40): warning C4244: 'argument': conversion from 'int' to 'float', possible loss of data
d:\network\networking_t4\t4_josesuarez\networkgames\taller3-cliente\windowmanagement.cpp(56): warning C4244: 'argument': conversion from 'int' to 'float', possible loss of data
d:\network\networking_t4\t4_josesuarez\networkgames\taller3-cliente\windowmanagement.cpp(58): warning C4244: 'argument': conversion from 'int' to 'float', possible loss of data
d:\network\networking_t4\t4_josesuarez\networkgames\taller3-cliente\windowmanagement.cpp(60): warning C4244: 'argument': conversion from 'int' to 'float', possible loss of data
d:\network\networking_t4\t4_josesuarez\networkgames\taller3-cliente\windowmanagement.cpp(62): warning C4244: 'argument': conversion from 'int' to 'float', possible loss of data
d:\network\networking_t4\t4_josesuarez\networkgames\taller3-cliente\windowmanagement.cpp(64): warning C4244: 'argument': conversion from 'int' to 'float', possible loss of data
d:\network\networking_t4\t4_josesuarez\networkgames\taller3-cliente\windowmanagement.cpp(66): warning C4244: 'argument': conversion from 'int' to 'float', possible loss of data
d:\network\networking_t4\t4_josesuarez\networkgames\taller3-cliente\windowmanagement.cpp(68): warning C4244: 'argument': conversion from 'int' to 'float', possible loss of data
d:\network\networking_t4\t4_josesuarez\networkgames\taller3-cliente\windowmanagement.cpp(74): warning C4244: 'argument': conversion from 'int' to 'float', possible loss of data
  Server.cpp
d:\network\networking_t4\t4_josesuarez\networkgames\taller3-cliente\server.cpp(131): warning C4244: 'argument': conversion from 'float' to 'sf::Int32', possible loss of data
d:\network\networking_t4\t4_josesuarez\networkgames\taller3-cliente\server.cpp(177): warning C4244: 'argument': conversion from 'float' to 'sf::Int32', possible loss of data
  CodigoChat1solo.cpp
  Generating Code...
  Taller3.vcxproj -> D:\Network\Networking_T4\T4_JoseSuarez\NetworkGames\x64\Debug\Taller3-Cliente.exe
  Taller3.vcxproj -> D:\Network\Networking_T4\T4_JoseSuarez\NetworkGames\x64\Debug\Taller3-Cliente.pdb (Partial PDB)
