C:\Program Files (x86)\MSBuild\Microsoft.Cpp\v4.0\V140\Microsoft.CppBuild.targets(392,5): warning MSB8028: The intermediate directory (x64\Release\) contains files shared from another project (Taller3-Cliente.vcxproj).  This can lead to incorrect clean and rebuild behavior.
  CodigoChat1solo.cpp
C:\Program Files (x86)\Windows Kits\8.1\Include\shared\winerror.h(26237): warning C4005: 'FAILED': macro redefinition
  D:\Network\Networking_T4\T4_Prueba\GameLib\Player.h(12): note: see previous definition of 'FAILED'
  Server.cpp
Server.cpp(131): warning C4244: 'argument': conversion from 'float' to 'sf::Int32', possible loss of data
Server.cpp(177): warning C4244: 'argument': conversion from 'float' to 'sf::Int32', possible loss of data
  windowManagement.cpp
C:\Program Files (x86)\Windows Kits\8.1\Include\shared\winerror.h(26237): warning C4005: 'FAILED': macro redefinition
  D:\Network\Networking_T4\T4_Prueba\GameLib\Player.h(12): note: see previous definition of 'FAILED'
windowManagement.cpp(19): warning C4244: '=': conversion from 'float' to 'int', possible loss of data
windowManagement.cpp(20): warning C4244: '=': conversion from 'float' to 'int', possible loss of data
windowManagement.cpp(40): warning C4244: 'argument': conversion from 'int' to 'float', possible loss of data
windowManagement.cpp(56): warning C4244: 'argument': conversion from 'int' to 'float', possible loss of data
windowManagement.cpp(58): warning C4244: 'argument': conversion from 'int' to 'float', possible loss of data
windowManagement.cpp(60): warning C4244: 'argument': conversion from 'int' to 'float', possible loss of data
windowManagement.cpp(62): warning C4244: 'argument': conversion from 'int' to 'float', possible loss of data
windowManagement.cpp(64): warning C4244: 'argument': conversion from 'int' to 'float', possible loss of data
windowManagement.cpp(66): warning C4244: 'argument': conversion from 'int' to 'float', possible loss of data
windowManagement.cpp(68): warning C4244: 'argument': conversion from 'int' to 'float', possible loss of data
windowManagement.cpp(74): warning C4244: 'argument': conversion from 'int' to 'float', possible loss of data
  Generating code
  12 of 269 functions ( 4.5%) were compiled, the rest were copied from previous compilation.
    2 functions were new in current compilation
    32 functions had inline decision re-evaluated but remain unchanged
  Finished generating code
  GameClient.vcxproj -> D:\Network\Networking_T4\T4_Prueba\x64\Release\GameClient.exe
  GameClient.vcxproj -> D:\Network\Networking_T4\T4_Prueba\x64\Release\GameClient.pdb (Full PDB)
